Build started 12/9/2014 3:50:08 AM.
     1>Project "E:\Documents\College\KatanaBladeForgeing\KatanaBladeForgeing.vcxproj" on node 2 (Build target(s)).
     1>ClCompile:
         E:\Program Files (x86)\Microsoft Visual Studio 12.0\VC\bin\CL.exe /c /ZI /nologo /W3 /WX- /sdl /Od /Oy- /D WIN32 /D _DEBUG /D _CONSOLE /D _LIB /D _CRT_SECURE_NO_WARNINGS /D CRT_SECURE_NO_DEPRECATE /D _UNICODE /D UNICODE /Gm /EHsc /RTC1 /MDd /GS /fp:precise /Zc:wchar_t /Zc:forScope /Fo"Debug\\" /Fd"Debug\vc120.pdb" /Gd /TP /analyze- /errorReport:prompt Draw.cpp GLSL.cpp KatanaForging.cpp Mesh.cpp Patch.cpp Widget.cpp
         Widget.cpp
         Patch.cpp
         Mesh.cpp
         KatanaForging.cpp
     1>e:\documents\college\katanabladeforgeing\katanaforging.cpp(25): warning C4305: 'argument' : truncation from 'double' to 'float'
         GLSL.cpp
         Draw.cpp
         Generating Code...
       Link:
         E:\Program Files (x86)\Microsoft Visual Studio 12.0\VC\bin\link.exe /ERRORREPORT:PROMPT /OUT:"E:\Documents\College\KatanaBladeForgeing\Debug\KatanaBladeForgeing.exe" /INCREMENTAL /NOLOGO freeglut.lib glu32.lib opengl32.lib glew32.lib kernel32.lib user32.lib gdi32.lib winspool.lib comdlg32.lib advapi32.lib shell32.lib ole32.lib oleaut32.lib uuid.lib odbc32.lib odbccp32.lib /MANIFEST /MANIFESTUAC:"level='asInvoker' uiAccess='false'" /manifest:embed /DEBUG /PDB:"E:\Documents\College\KatanaBladeForgeing\Debug\KatanaBladeForgeing.pdb" /SUBSYSTEM:CONSOLE /TLBID:1 /DYNAMICBASE /NXCOMPAT /IMPLIB:"E:\Documents\College\KatanaBladeForgeing\Debug\KatanaBladeForgeing.lib" /MACHINE:X86 Debug\Draw.obj
         Debug\GLSL.obj
         Debug\KatanaForging.obj
         Debug\Mesh.obj
         Debug\Patch.obj
         Debug\Widget.obj
         KatanaBladeForgeing.vcxproj -> E:\Documents\College\KatanaBladeForgeing\Debug\KatanaBladeForgeing.exe
     1>Done Building Project "E:\Documents\College\KatanaBladeForgeing\KatanaBladeForgeing.vcxproj" (Build target(s)).

Build succeeded.

Time Elapsed 00:00:04.41
